2026-05-27 18:28:55 - pipeline - INFO - PDF já baixado, iniciando extração: Towards_atom-level_understanding_of_metal_oxide_catalysts_fo.pdf
2026-05-27 18:28:57 - pipeline - INFO - Registro salvo no CSV: Towards_atom-level_understanding_of_metal_oxide_catalysts_fo.pdf
2026-05-27 18:28:57 - pipeline - INFO - PDF já baixado, iniciando extração: Machine_learning_assisted_Co3O4NiO_popsicle_sticks-infused_e.pdf
2026-05-27 18:28:59 - pipeline - INFO - Registro salvo no CSV: Machine_learning_assisted_Co3O4NiO_popsicle_sticks-infused_e.pdf
2026-05-27 18:28:59 - pipeline - INFO - PDF já baixado, iniciando extração: Oxygen_evolution_reaction_on_IrO2110_is_governed_by_Walden-t.pdf
2026-05-27 18:29:02 - pipeline - INFO - Registro salvo no CSV: Oxygen_evolution_reaction_on_IrO2110_is_governed_by_Walden-t.pdf
2026-05-27 18:29:02 - pipeline - INFO - PDF já baixado, iniciando extração: Restructuring_highly_electron-deficient_metal-metal_oxides_f.pdf
2026-05-27 18:29:04 - pipeline - INFO - Registro salvo no CSV: Restructuring_highly_electron-deficient_metal-metal_oxides_f.pdf
2026-05-27 18:29:04 - pipeline - INFO - PDF já baixado, iniciando extração: RuO2_electronic_structure_and_lattice_strain_dual_engineerin.pdf
2026-05-27 18:29:07 - pipeline - INFO - Registro salvo no CSV: RuO2_electronic_structure_and_lattice_strain_dual_engineerin.pdf
2026-05-27 18:29:07 - pipeline - INFO - PDF já baixado, iniciando extração: Activated_chemical_bonds_in_nanoporous_and_amorphous_iridium.pdf
2026-05-27 18:29:10 - pipeline - INFO - Registro salvo no CSV: Activated_chemical_bonds_in_nanoporous_and_amorphous_iridium.pdf
2026-05-27 18:29:11 - pipeline - WARNING - PDF indisponível para: Designing active oxides for a durable oxygen evolution reaction
2026-05-27 18:29:11 - pipeline - INFO - PDF já baixado, iniciando extração: Synergy_of_dual-atom_catalysts_deviated_from_the_scaling_rel.pdf
2026-05-27 18:29:15 - pipeline - INFO - Registro salvo no CSV: Synergy_of_dual-atom_catalysts_deviated_from_the_scaling_rel.pdf
2026-05-27 18:29:15 - pipeline - INFO - PDF já baixado, iniciando extração: Developing_new_electrocatalysts_for_oxygen_evolution_reactio.pdf
2026-05-27 18:29:18 - pipeline - INFO - Registro salvo no CSV: Developing_new_electrocatalysts_for_oxygen_evolution_reactio.pdf
2026-05-27 18:29:18 - pipeline - INFO - PDF já baixado, iniciando extração: Time-resolved_spectroscopy_uncovers_deprotonation-induced_re.pdf
2026-05-27 18:29:20 - pipeline - INFO - Registro salvo no CSV: Time-resolved_spectroscopy_uncovers_deprotonation-induced_re.pdf
2026-05-27 18:29:22 - pipeline - WARNING - PDF indisponível para: Earth-abundant electrocatalysts for acidic oxygen evolution
2026-05-27 18:29:22 - pipeline - INFO - PDF já baixado, iniciando extração: Machine-learning-guided_tungsten_single_atoms_promote_oxyhyd.pdf
2026-05-27 18:29:26 - pipeline - INFO - Registro salvo no CSV: Machine-learning-guided_tungsten_single_atoms_promote_oxyhyd.pdf
2026-05-27 18:29:27 - pipeline - WARNING - PDF indisponível para: Active learning guides discovery of a champion four-metal perovskite oxide for oxygen evolution electrocatalysis
2026-05-27 18:29:29 - pipeline - WARNING - PDF indisponível para: Developing machine learning for heterogeneous catalysis with experimental and computational data
2026-05-27 18:29:30 - pipeline - WARNING - PDF indisponível para: Dynamics in electrochemical organic oxidation reactions from in situ and operando techniques
2026-05-27 18:29:30 - pipeline - WARNING - PDF indisponível para: Stable acidic oxygen-evolving catalyst discovery through mixed accelerations
2026-05-27 18:29:30 - pipeline - INFO - PDF já baixado, iniciando extração: First-principles_and_machine-learning_approaches_for_interpr.pdf
2026-05-27 18:29:42 - pipeline - INFO - Registro salvo no CSV: First-principles_and_machine-learning_approaches_for_interpr.pdf
2026-05-27 18:29:46 - pipeline - INFO - PDF baixado agora, iniciando extração: Transfer_learning_guided_discovery_of_efficient_perovskite_o.pdf
2026-05-27 18:29:50 - pipeline - INFO - Registro salvo no CSV: Transfer_learning_guided_discovery_of_efficient_perovskite_o.pdf
2026-05-27 18:29:54 - pipeline - INFO - PDF baixado agora, iniciando extração: Universal_scaling_relations_for_the_rational_design_of_molec.pdf
2026-05-27 18:29:56 - pipeline - INFO - Registro salvo no CSV: Universal_scaling_relations_for_the_rational_design_of_molec.pdf
2026-05-27 18:30:02 - pipeline - INFO - PDF baixado agora, iniciando extração: Intrinsic_metal-support_interactions_break_the_activity-stab.pdf
2026-05-27 18:30:06 - pipeline - INFO - Registro salvo no CSV: Intrinsic_metal-support_interactions_break_the_activity-stab.pdf
2026-05-27 18:30:08 - pipeline - WARNING - PDF indisponível para: Covalency competition dominates the water oxidation structure–activity relationship on spinel oxides
2026-05-27 18:30:09 - pipeline - WARNING - PDF indisponível para: Revisiting the universal principle for the rational design of single-atom electrocatalysts
2026-05-27 18:30:10 - pipeline - WARNING - PDF indisponível para: Lattice O–O ligands in Fe-incorporated hydroxides enhance water oxidation electrocatalysis
2026-05-27 18:30:14 - pipeline - INFO - PDF baixado agora, iniciando extração: Machine_learning-assisted_dual-atom_sites_design_with_interp.pdf
2026-05-27 18:30:17 - pipeline - INFO - Registro salvo no CSV: Machine_learning-assisted_dual-atom_sites_design_with_interp.pdf
2026-05-27 18:30:18 - pipeline - WARNING - PDF indisponível para: Direct seawater electrolysis for hydrogen production
2026-05-27 18:40:03 - pipeline - WARNING - Nenhum artigo na página 1 — verifique seletores ou bloqueio da Nature
2026-05-27 18:40:05 - pipeline - WARNING - Nenhum artigo na página 2 — verifique seletores ou bloqueio da Nature
2026-05-27 18:40:07 - pipeline - WARNING - Nenhum artigo na página 3 — verifique seletores ou bloqueio da Nature
2026-05-27 18:40:08 - pipeline - ERROR - Busca concluída sem artigos. Possíveis causas: HTML da Nature mudou, bloqueio de rede ou query sem resultados.
2026-05-27 18:52:36 - pipeline - INFO - Carregando modelo spaCy para extração...
2026-05-27 18:52:37 - pipeline - INFO - PDF baixado agora, iniciando extração: Towards_atom-level_understanding_of_metal_oxide_catalysts_fo.pdf
2026-05-27 18:52:39 - pipeline - INFO - Registro salvo no CSV: Towards_atom-level_understanding_of_metal_oxide_catalysts_fo.pdf
2026-05-27 18:52:41 - pipeline - INFO - PDF baixado agora, iniciando extração: Machine_learning_assisted_Co3O4NiO_popsicle_sticks-infused_e.pdf
2026-05-27 18:52:44 - pipeline - INFO - Registro salvo no CSV: Machine_learning_assisted_Co3O4NiO_popsicle_sticks-infused_e.pdf
2026-05-27 18:52:46 - pipeline - INFO - PDF baixado agora, iniciando extração: Oxygen_evolution_reaction_on_IrO2110_is_governed_by_Walden-t.pdf
2026-05-27 18:52:50 - pipeline - INFO - Registro salvo no CSV: Oxygen_evolution_reaction_on_IrO2110_is_governed_by_Walden-t.pdf
2026-05-27 18:52:53 - pipeline - INFO - PDF baixado agora, iniciando extração: Restructuring_highly_electron-deficient_metal-metal_oxides_f.pdf
2026-05-27 18:52:57 - pipeline - INFO - Registro salvo no CSV: Restructuring_highly_electron-deficient_metal-metal_oxides_f.pdf
2026-05-27 18:52:59 - pipeline - INFO - PDF baixado agora, iniciando extração: RuO2electronic_structure_and_lattice_strain_dual_engineering.pdf
2026-05-27 18:53:02 - pipeline - INFO - Registro salvo no CSV: RuO2electronic_structure_and_lattice_strain_dual_engineering.pdf
2026-05-27 18:53:04 - pipeline - INFO - PDF baixado agora, iniciando extração: Activated_chemical_bonds_in_nanoporous_and_amorphous_iridium.pdf
2026-05-27 18:53:07 - pipeline - INFO - Registro salvo no CSV: Activated_chemical_bonds_in_nanoporous_and_amorphous_iridium.pdf
2026-05-27 18:53:09 - pipeline - INFO - PDF baixado agora, iniciando extração: Designing_active_oxides_for_a_durable_oxygen_evolution_react.pdf
2026-05-27 18:53:10 - pipeline - INFO - Registro salvo no CSV: Designing_active_oxides_for_a_durable_oxygen_evolution_react.pdf
2026-05-27 18:53:13 - pipeline - INFO - PDF baixado agora, iniciando extração: Synergy_of_dual-atom_catalysts_deviated_from_the_scaling_rel.pdf
2026-05-27 18:53:18 - pipeline - INFO - Registro salvo no CSV: Synergy_of_dual-atom_catalysts_deviated_from_the_scaling_rel.pdf
2026-05-27 18:53:19 - pipeline - INFO - PDF baixado agora, iniciando extração: Developing_new_electrocatalysts_for_oxygen_evolution_reactio.pdf
2026-05-27 18:53:22 - pipeline - INFO - Registro salvo no CSV: Developing_new_electrocatalysts_for_oxygen_evolution_reactio.pdf
2026-05-27 18:53:24 - pipeline - INFO - PDF baixado agora, iniciando extração: Time-resolved_spectroscopy_uncovers_deprotonation-induced_re.pdf
2026-05-27 18:53:26 - pipeline - INFO - Registro salvo no CSV: Time-resolved_spectroscopy_uncovers_deprotonation-induced_re.pdf
2026-05-27 18:53:29 - pipeline - INFO - PDF baixado agora, iniciando extração: Earth-abundant_electrocatalysts_for_acidic_oxygen_evolution.pdf
2026-05-27 18:53:32 - pipeline - INFO - Registro salvo no CSV: Earth-abundant_electrocatalysts_for_acidic_oxygen_evolution.pdf
2026-05-27 18:53:34 - pipeline - INFO - PDF baixado agora, iniciando extração: Machine-learning-guided_tungsten_single_atoms_promote_oxyhyd.pdf
2026-05-27 18:53:37 - pipeline - INFO - Registro salvo no CSV: Machine-learning-guided_tungsten_single_atoms_promote_oxyhyd.pdf
2026-05-27 18:53:39 - pipeline - INFO - PDF baixado agora, iniciando extração: Active_learning_guides_discovery_of_a_champion_four-metal_pe.pdf
2026-05-27 18:53:40 - pipeline - INFO - Registro salvo no CSV: Active_learning_guides_discovery_of_a_champion_four-metal_pe.pdf
2026-05-27 18:53:43 - pipeline - INFO - PDF baixado agora, iniciando extração: Developing_machine_learning_for_heterogeneous_catalysis_with.pdf
2026-05-27 18:53:46 - pipeline - INFO - Registro salvo no CSV: Developing_machine_learning_for_heterogeneous_catalysis_with.pdf
2026-05-27 18:53:48 - pipeline - INFO - PDF baixado agora, iniciando extração: Dynamics_in_electrochemical_organic_oxidation_reactions_from.pdf
2026-05-27 18:53:51 - pipeline - INFO - Registro salvo no CSV: Dynamics_in_electrochemical_organic_oxidation_reactions_from.pdf
2026-05-27 18:53:53 - pipeline - INFO - PDF baixado agora, iniciando extração: Stable_acidic_oxygen-evolving_catalyst_discovery_through_mix.pdf
2026-05-27 18:53:54 - pipeline - INFO - Registro salvo no CSV: Stable_acidic_oxygen-evolving_catalyst_discovery_through_mix.pdf
2026-05-27 18:53:57 - pipeline - INFO - PDF baixado agora, iniciando extração: First-principles_and_machine-learning_approaches_for_interpr.pdf
2026-05-27 18:54:11 - pipeline - INFO - Registro salvo no CSV: First-principles_and_machine-learning_approaches_for_interpr.pdf
2026-05-27 18:54:13 - pipeline - INFO - PDF baixado agora, iniciando extração: Transfer_learning_guided_discovery_of_efficient_perovskite_o.pdf
2026-05-27 18:54:18 - pipeline - INFO - Registro salvo no CSV: Transfer_learning_guided_discovery_of_efficient_perovskite_o.pdf
2026-05-27 18:54:19 - pipeline - INFO - PDF baixado agora, iniciando extração: Universal_scaling_relations_for_the_rational_design_of_molec.pdf
2026-05-27 18:54:22 - pipeline - INFO - Registro salvo no CSV: Universal_scaling_relations_for_the_rational_design_of_molec.pdf
2026-05-27 18:54:25 - pipeline - INFO - PDF baixado agora, iniciando extração: Intrinsic_metal-support_interactions_break_the_activity-stab.pdf
2026-05-27 18:54:29 - pipeline - INFO - Registro salvo no CSV: Intrinsic_metal-support_interactions_break_the_activity-stab.pdf
2026-05-27 18:54:32 - pipeline - INFO - PDF baixado agora, iniciando extração: Covalency_competition_dominates_the_water_oxidation_structur.pdf
2026-05-27 18:54:34 - pipeline - INFO - Registro salvo no CSV: Covalency_competition_dominates_the_water_oxidation_structur.pdf
2026-05-27 18:54:36 - pipeline - INFO - PDF baixado agora, iniciando extração: Revisiting_the_universal_principle_for_the_rational_design_o.pdf
2026-05-27 18:54:39 - pipeline - INFO - Registro salvo no CSV: Revisiting_the_universal_principle_for_the_rational_design_o.pdf
2026-05-27 18:56:13 - pipeline - INFO - PDF já processado, pulando extração: Towards_atom-level_understanding_of_metal_oxide_catalysts_fo.pdf
2026-05-27 18:56:13 - pipeline - INFO - PDF já processado, pulando extração: Machine_learning_assisted_Co3O4NiO_popsicle_sticks-infused_e.pdf
2026-05-27 18:56:13 - pipeline - INFO - PDF já processado, pulando extração: Oxygen_evolution_reaction_on_IrO2110_is_governed_by_Walden-t.pdf
2026-05-27 18:56:13 - pipeline - INFO - PDF já processado, pulando extração: Restructuring_highly_electron-deficient_metal-metal_oxides_f.pdf
2026-05-27 18:56:13 - pipeline - INFO - PDF já processado, pulando extração: RuO2electronic_structure_and_lattice_strain_dual_engineering.pdf
2026-05-27 18:56:13 - pipeline - INFO - PDF já processado, pulando extração: Activated_chemical_bonds_in_nanoporous_and_amorphous_iridium.pdf
2026-05-27 18:56:13 - pipeline - INFO - PDF já processado, pulando extração: Designing_active_oxides_for_a_durable_oxygen_evolution_react.pdf
2026-05-27 18:56:13 - pipeline - INFO - PDF já processado, pulando extração: Synergy_of_dual-atom_catalysts_deviated_from_the_scaling_rel.pdf
2026-05-27 18:56:13 - pipeline - INFO - PDF já processado, pulando extração: Developing_new_electrocatalysts_for_oxygen_evolution_reactio.pdf
2026-05-27 18:56:13 - pipeline - INFO - PDF já processado, pulando extração: Time-resolved_spectroscopy_uncovers_deprotonation-induced_re.pdf
2026-05-27 18:56:13 - pipeline - INFO - PDF já processado, pulando extração: Earth-abundant_electrocatalysts_for_acidic_oxygen_evolution.pdf
2026-05-27 18:56:13 - pipeline - INFO - PDF já processado, pulando extração: Machine-learning-guided_tungsten_single_atoms_promote_oxyhyd.pdf
2026-05-27 18:56:13 - pipeline - INFO - PDF já processado, pulando extração: Active_learning_guides_discovery_of_a_champion_four-metal_pe.pdf
2026-05-27 18:56:13 - pipeline - INFO - PDF já processado, pulando extração: Developing_machine_learning_for_heterogeneous_catalysis_with.pdf
2026-05-27 18:56:13 - pipeline - INFO - PDF já processado, pulando extração: Dynamics_in_electrochemical_organic_oxidation_reactions_from.pdf
2026-05-27 18:56:13 - pipeline - INFO - PDF já processado, pulando extração: Stable_acidic_oxygen-evolving_catalyst_discovery_through_mix.pdf
2026-05-27 18:56:13 - pipeline - INFO - PDF já processado, pulando extração: First-principles_and_machine-learning_approaches_for_interpr.pdf
2026-05-27 18:56:13 - pipeline - INFO - PDF já processado, pulando extração: Transfer_learning_guided_discovery_of_efficient_perovskite_o.pdf
2026-05-27 18:56:13 - pipeline - INFO - PDF já processado, pulando extração: Universal_scaling_relations_for_the_rational_design_of_molec.pdf
2026-05-27 18:56:13 - pipeline - INFO - PDF já processado, pulando extração: Intrinsic_metal-support_interactions_break_the_activity-stab.pdf
2026-05-27 18:56:13 - pipeline - INFO - PDF já processado, pulando extração: Covalency_competition_dominates_the_water_oxidation_structur.pdf
2026-05-27 18:56:13 - pipeline - INFO - PDF já processado, pulando extração: Revisiting_the_universal_principle_for_the_rational_design_o.pdf
2026-05-27 18:56:15 - pipeline - INFO - Carregando modelo spaCy para extração...
2026-05-27 18:56:16 - pipeline - INFO - PDF baixado agora, iniciando extração: Lattice_OO_ligands_in_Fe-incorporated_hydroxides_enhance_wat.pdf
2026-05-27 18:57:12 - pipeline - INFO - PDF já processado, pulando extração: Towards_atom-level_understanding_of_metal_oxide_catalysts_fo.pdf
2026-05-27 18:57:12 - pipeline - INFO - PDF já processado, pulando extração: Machine_learning_assisted_Co3O4NiO_popsicle_sticks-infused_e.pdf
2026-05-27 18:57:12 - pipeline - INFO - PDF já processado, pulando extração: Oxygen_evolution_reaction_on_IrO2110_is_governed_by_Walden-t.pdf
2026-05-27 18:57:12 - pipeline - INFO - PDF já processado, pulando extração: Restructuring_highly_electron-deficient_metal-metal_oxides_f.pdf
2026-05-27 18:57:12 - pipeline - INFO - PDF já processado, pulando extração: RuO2electronic_structure_and_lattice_strain_dual_engineering.pdf
2026-05-27 18:57:12 - pipeline - INFO - PDF já processado, pulando extração: Activated_chemical_bonds_in_nanoporous_and_amorphous_iridium.pdf
2026-05-27 18:57:12 - pipeline - INFO - PDF já processado, pulando extração: Designing_active_oxides_for_a_durable_oxygen_evolution_react.pdf
2026-05-27 18:57:12 - pipeline - INFO - PDF já processado, pulando extração: Synergy_of_dual-atom_catalysts_deviated_from_the_scaling_rel.pdf
2026-05-27 18:57:12 - pipeline - INFO - PDF já processado, pulando extração: Developing_new_electrocatalysts_for_oxygen_evolution_reactio.pdf
2026-05-27 18:57:12 - pipeline - INFO - PDF já processado, pulando extração: Time-resolved_spectroscopy_uncovers_deprotonation-induced_re.pdf
2026-05-27 18:57:12 - pipeline - INFO - PDF já processado, pulando extração: Earth-abundant_electrocatalysts_for_acidic_oxygen_evolution.pdf
2026-05-27 18:57:12 - pipeline - INFO - PDF já processado, pulando extração: Machine-learning-guided_tungsten_single_atoms_promote_oxyhyd.pdf
2026-05-27 18:57:12 - pipeline - INFO - PDF já processado, pulando extração: Active_learning_guides_discovery_of_a_champion_four-metal_pe.pdf
2026-05-27 18:57:12 - pipeline - INFO - PDF já processado, pulando extração: Developing_machine_learning_for_heterogeneous_catalysis_with.pdf
2026-05-27 18:57:12 - pipeline - INFO - PDF já processado, pulando extração: Dynamics_in_electrochemical_organic_oxidation_reactions_from.pdf
2026-05-27 18:57:12 - pipeline - INFO - PDF já processado, pulando extração: Stable_acidic_oxygen-evolving_catalyst_discovery_through_mix.pdf
2026-05-27 18:57:12 - pipeline - INFO - PDF já processado, pulando extração: First-principles_and_machine-learning_approaches_for_interpr.pdf
2026-05-27 18:57:12 - pipeline - INFO - PDF já processado, pulando extração: Transfer_learning_guided_discovery_of_efficient_perovskite_o.pdf
2026-05-27 18:57:12 - pipeline - INFO - PDF já processado, pulando extração: Universal_scaling_relations_for_the_rational_design_of_molec.pdf
2026-05-27 18:57:12 - pipeline - INFO - PDF já processado, pulando extração: Intrinsic_metal-support_interactions_break_the_activity-stab.pdf
2026-05-27 18:57:12 - pipeline - INFO - PDF já processado, pulando extração: Covalency_competition_dominates_the_water_oxidation_structur.pdf
2026-05-27 18:57:12 - pipeline - INFO - PDF já processado, pulando extração: Revisiting_the_universal_principle_for_the_rational_design_o.pdf
2026-05-27 18:57:12 - pipeline - INFO - Carregando modelo spaCy para extração...
2026-05-27 18:57:13 - pipeline - INFO - PDF já baixado, iniciando extração: Lattice_OO_ligands_in_Fe-incorporated_hydroxides_enhance_wat.pdf
2026-05-27 18:58:15 - pipeline - INFO - PDF já processado, pulando extração: Towards_atom-level_understanding_of_metal_oxide_catalysts_fo.pdf
2026-05-27 18:58:15 - pipeline - INFO - PDF já processado, pulando extração: Machine_learning_assisted_Co3O4NiO_popsicle_sticks-infused_e.pdf
2026-05-27 18:58:15 - pipeline - INFO - PDF já processado, pulando extração: Oxygen_evolution_reaction_on_IrO2110_is_governed_by_Walden-t.pdf
2026-05-27 18:58:15 - pipeline - INFO - PDF já processado, pulando extração: Restructuring_highly_electron-deficient_metal-metal_oxides_f.pdf
2026-05-27 18:58:15 - pipeline - INFO - PDF já processado, pulando extração: RuO2electronic_structure_and_lattice_strain_dual_engineering.pdf
2026-05-27 18:58:15 - pipeline - INFO - PDF já processado, pulando extração: Activated_chemical_bonds_in_nanoporous_and_amorphous_iridium.pdf
2026-05-27 18:58:15 - pipeline - INFO - PDF já processado, pulando extração: Designing_active_oxides_for_a_durable_oxygen_evolution_react.pdf
2026-05-27 18:58:15 - pipeline - INFO - PDF já processado, pulando extração: Synergy_of_dual-atom_catalysts_deviated_from_the_scaling_rel.pdf
2026-05-27 18:58:15 - pipeline - INFO - PDF já processado, pulando extração: Developing_new_electrocatalysts_for_oxygen_evolution_reactio.pdf
2026-05-27 18:58:15 - pipeline - INFO - PDF já processado, pulando extração: Time-resolved_spectroscopy_uncovers_deprotonation-induced_re.pdf
2026-05-27 18:58:15 - pipeline - INFO - PDF já processado, pulando extração: Earth-abundant_electrocatalysts_for_acidic_oxygen_evolution.pdf
2026-05-27 18:58:15 - pipeline - INFO - PDF já processado, pulando extração: Machine-learning-guided_tungsten_single_atoms_promote_oxyhyd.pdf
2026-05-27 18:58:15 - pipeline - INFO - PDF já processado, pulando extração: Active_learning_guides_discovery_of_a_champion_four-metal_pe.pdf
2026-05-27 18:58:15 - pipeline - INFO - PDF já processado, pulando extração: Developing_machine_learning_for_heterogeneous_catalysis_with.pdf
2026-05-27 18:58:15 - pipeline - INFO - PDF já processado, pulando extração: Dynamics_in_electrochemical_organic_oxidation_reactions_from.pdf
2026-05-27 18:58:15 - pipeline - INFO - PDF já processado, pulando extração: Stable_acidic_oxygen-evolving_catalyst_discovery_through_mix.pdf
2026-05-27 18:58:15 - pipeline - INFO - PDF já processado, pulando extração: First-principles_and_machine-learning_approaches_for_interpr.pdf
2026-05-27 18:58:15 - pipeline - INFO - PDF já processado, pulando extração: Transfer_learning_guided_discovery_of_efficient_perovskite_o.pdf
2026-05-27 18:58:15 - pipeline - INFO - PDF já processado, pulando extração: Universal_scaling_relations_for_the_rational_design_of_molec.pdf
2026-05-27 18:58:15 - pipeline - INFO - PDF já processado, pulando extração: Intrinsic_metal-support_interactions_break_the_activity-stab.pdf
2026-05-27 18:58:15 - pipeline - INFO - PDF já processado, pulando extração: Covalency_competition_dominates_the_water_oxidation_structur.pdf
2026-05-27 18:58:15 - pipeline - INFO - PDF já processado, pulando extração: Revisiting_the_universal_principle_for_the_rational_design_o.pdf
2026-05-27 18:58:15 - pipeline - INFO - Carregando modelo spaCy para extração...
2026-05-27 18:58:16 - pipeline - INFO - PDF já baixado, iniciando extração: Lattice_OO_ligands_in_Fe-incorporated_hydroxides_enhance_wat.pdf
2026-05-27 18:59:04 - pipeline - INFO - PDF já processado, pulando extração: Towards_atom-level_understanding_of_metal_oxide_catalysts_fo.pdf
2026-05-27 18:59:04 - pipeline - INFO - PDF já processado, pulando extração: Machine_learning_assisted_Co3O4NiO_popsicle_sticks-infused_e.pdf
2026-05-27 18:59:04 - pipeline - INFO - PDF já processado, pulando extração: Oxygen_evolution_reaction_on_IrO2110_is_governed_by_Walden-t.pdf
2026-05-27 18:59:04 - pipeline - INFO - PDF já processado, pulando extração: Restructuring_highly_electron-deficient_metal-metal_oxides_f.pdf
2026-05-27 18:59:04 - pipeline - INFO - PDF já processado, pulando extração: RuO2electronic_structure_and_lattice_strain_dual_engineering.pdf
2026-05-27 18:59:04 - pipeline - INFO - PDF já processado, pulando extração: Activated_chemical_bonds_in_nanoporous_and_amorphous_iridium.pdf
2026-05-27 18:59:04 - pipeline - INFO - PDF já processado, pulando extração: Designing_active_oxides_for_a_durable_oxygen_evolution_react.pdf
2026-05-27 18:59:04 - pipeline - INFO - PDF já processado, pulando extração: Synergy_of_dual-atom_catalysts_deviated_from_the_scaling_rel.pdf
2026-05-27 18:59:04 - pipeline - INFO - PDF já processado, pulando extração: Developing_new_electrocatalysts_for_oxygen_evolution_reactio.pdf
2026-05-27 18:59:04 - pipeline - INFO - PDF já processado, pulando extração: Time-resolved_spectroscopy_uncovers_deprotonation-induced_re.pdf
2026-05-27 18:59:04 - pipeline - INFO - PDF já processado, pulando extração: Earth-abundant_electrocatalysts_for_acidic_oxygen_evolution.pdf
2026-05-27 18:59:04 - pipeline - INFO - PDF já processado, pulando extração: Machine-learning-guided_tungsten_single_atoms_promote_oxyhyd.pdf
2026-05-27 18:59:04 - pipeline - INFO - PDF já processado, pulando extração: Active_learning_guides_discovery_of_a_champion_four-metal_pe.pdf
2026-05-27 18:59:04 - pipeline - INFO - PDF já processado, pulando extração: Developing_machine_learning_for_heterogeneous_catalysis_with.pdf
2026-05-27 18:59:04 - pipeline - INFO - PDF já processado, pulando extração: Dynamics_in_electrochemical_organic_oxidation_reactions_from.pdf
2026-05-27 18:59:04 - pipeline - INFO - PDF já processado, pulando extração: Stable_acidic_oxygen-evolving_catalyst_discovery_through_mix.pdf
2026-05-27 18:59:04 - pipeline - INFO - PDF já processado, pulando extração: First-principles_and_machine-learning_approaches_for_interpr.pdf
2026-05-27 18:59:04 - pipeline - INFO - PDF já processado, pulando extração: Transfer_learning_guided_discovery_of_efficient_perovskite_o.pdf
2026-05-27 18:59:04 - pipeline - INFO - PDF já processado, pulando extração: Universal_scaling_relations_for_the_rational_design_of_molec.pdf
2026-05-27 18:59:04 - pipeline - INFO - PDF já processado, pulando extração: Intrinsic_metal-support_interactions_break_the_activity-stab.pdf
2026-05-27 18:59:04 - pipeline - INFO - PDF já processado, pulando extração: Covalency_competition_dominates_the_water_oxidation_structur.pdf
2026-05-27 18:59:04 - pipeline - INFO - PDF já processado, pulando extração: Revisiting_the_universal_principle_for_the_rational_design_o.pdf
2026-05-27 18:59:04 - pipeline - INFO - Carregando modelo spaCy para extração...
2026-05-27 18:59:05 - pipeline - INFO - PDF já baixado, iniciando extração: Lattice_OO_ligands_in_Fe-incorporated_hydroxides_enhance_wat.pdf
2026-05-27 19:00:04 - pipeline - INFO - PDF já processado, pulando extração: Towards_atom-level_understanding_of_metal_oxide_catalysts_fo.pdf
2026-05-27 19:00:04 - pipeline - INFO - PDF já processado, pulando extração: Machine_learning_assisted_Co3O4NiO_popsicle_sticks-infused_e.pdf
2026-05-27 19:00:04 - pipeline - INFO - PDF já processado, pulando extração: Oxygen_evolution_reaction_on_IrO2110_is_governed_by_Walden-t.pdf
2026-05-27 19:00:04 - pipeline - INFO - PDF já processado, pulando extração: Restructuring_highly_electron-deficient_metal-metal_oxides_f.pdf
2026-05-27 19:00:04 - pipeline - INFO - PDF já processado, pulando extração: RuO2electronic_structure_and_lattice_strain_dual_engineering.pdf
2026-05-27 19:00:04 - pipeline - INFO - PDF já processado, pulando extração: Activated_chemical_bonds_in_nanoporous_and_amorphous_iridium.pdf
2026-05-27 19:00:04 - pipeline - INFO - PDF já processado, pulando extração: Designing_active_oxides_for_a_durable_oxygen_evolution_react.pdf
2026-05-27 19:00:04 - pipeline - INFO - PDF já processado, pulando extração: Synergy_of_dual-atom_catalysts_deviated_from_the_scaling_rel.pdf
2026-05-27 19:00:04 - pipeline - INFO - PDF já processado, pulando extração: Developing_new_electrocatalysts_for_oxygen_evolution_reactio.pdf
2026-05-27 19:00:04 - pipeline - INFO - PDF já processado, pulando extração: Time-resolved_spectroscopy_uncovers_deprotonation-induced_re.pdf
2026-05-27 19:00:04 - pipeline - INFO - PDF já processado, pulando extração: Earth-abundant_electrocatalysts_for_acidic_oxygen_evolution.pdf
2026-05-27 19:00:04 - pipeline - INFO - PDF já processado, pulando extração: Machine-learning-guided_tungsten_single_atoms_promote_oxyhyd.pdf
2026-05-27 19:00:04 - pipeline - INFO - PDF já processado, pulando extração: Active_learning_guides_discovery_of_a_champion_four-metal_pe.pdf
2026-05-27 19:00:04 - pipeline - INFO - PDF já processado, pulando extração: Developing_machine_learning_for_heterogeneous_catalysis_with.pdf
2026-05-27 19:00:04 - pipeline - INFO - PDF já processado, pulando extração: Dynamics_in_electrochemical_organic_oxidation_reactions_from.pdf
2026-05-27 19:00:04 - pipeline - INFO - PDF já processado, pulando extração: Stable_acidic_oxygen-evolving_catalyst_discovery_through_mix.pdf
2026-05-27 19:00:04 - pipeline - INFO - PDF já processado, pulando extração: First-principles_and_machine-learning_approaches_for_interpr.pdf
2026-05-27 19:00:04 - pipeline - INFO - PDF já processado, pulando extração: Transfer_learning_guided_discovery_of_efficient_perovskite_o.pdf
2026-05-27 19:00:04 - pipeline - INFO - PDF já processado, pulando extração: Universal_scaling_relations_for_the_rational_design_of_molec.pdf
2026-05-27 19:00:04 - pipeline - INFO - PDF já processado, pulando extração: Intrinsic_metal-support_interactions_break_the_activity-stab.pdf
2026-05-27 19:00:04 - pipeline - INFO - PDF já processado, pulando extração: Covalency_competition_dominates_the_water_oxidation_structur.pdf
2026-05-27 19:00:04 - pipeline - INFO - PDF já processado, pulando extração: Revisiting_the_universal_principle_for_the_rational_design_o.pdf
2026-05-27 19:00:04 - pipeline - INFO - Carregando modelo spaCy para extração...
2026-05-27 19:00:04 - pipeline - INFO - PDF já baixado, iniciando extração: Lattice_OO_ligands_in_Fe-incorporated_hydroxides_enhance_wat.pdf
2026-05-27 19:00:05 - pipeline - INFO - Registro salvo no CSV: Lattice_OO_ligands_in_Fe-incorporated_hydroxides_enhance_wat.pdf
2026-05-27 19:00:07 - pipeline - INFO - PDF baixado agora, iniciando extração: Machine_learning-assisted_dual-atom_sites_design_with_interp.pdf
2026-05-27 19:00:10 - pipeline - INFO - Registro salvo no CSV: Machine_learning-assisted_dual-atom_sites_design_with_interp.pdf
2026-05-27 19:00:12 - pipeline - INFO - PDF baixado agora, iniciando extração: Direct_seawater_electrolysis_for_hydrogen_production.pdf
2026-05-27 19:00:14 - pipeline - INFO - Registro salvo no CSV: Direct_seawater_electrolysis_for_hydrogen_production.pdf
2026-05-27 19:00:15 - pipeline - INFO - PDF baixado agora, iniciando extração: Acid-stable_manganese_oxides_for_proton_exchange_membrane_wa.pdf
2026-05-27 19:00:16 - pipeline - INFO - Registro salvo no CSV: Acid-stable_manganese_oxides_for_proton_exchange_membrane_wa.pdf
2026-05-27 19:00:18 - pipeline - INFO - PDF baixado agora, iniciando extração: A_practical_inverse_design_approach_for_high-entropy_catalys.pdf
2026-05-27 19:00:19 - pipeline - INFO - Registro salvo no CSV: A_practical_inverse_design_approach_for_high-entropy_catalys.pdf
2026-05-27 19:00:24 - pipeline - INFO - PDF baixado agora, iniciando extração: Parameterization_and_quantification_of_two_key_operando_phys.pdf
2026-05-27 19:00:30 - pipeline - INFO - Registro salvo no CSV: Parameterization_and_quantification_of_two_key_operando_phys.pdf
2026-05-27 19:00:36 - pipeline - INFO - PDF baixado agora, iniciando extração: Machine_learning-guided_design_of_energy-related_catalysts_f.pdf
2026-05-27 19:00:41 - pipeline - INFO - Registro salvo no CSV: Machine_learning-guided_design_of_energy-related_catalysts_f.pdf
2026-05-27 19:00:43 - pipeline - INFO - PDF baixado agora, iniciando extração: Automated_synthesis_of_oxygen-producing_catalysts_from_Marti.pdf
2026-05-27 19:00:44 - pipeline - INFO - Registro salvo no CSV: Automated_synthesis_of_oxygen-producing_catalysts_from_Marti.pdf
2026-05-27 19:00:47 - pipeline - INFO - PDF baixado agora, iniciando extração: Topological_quantum_materials_for_energy_conversion_and_stor.pdf
2026-05-27 19:00:49 - pipeline - INFO - Registro salvo no CSV: Topological_quantum_materials_for_energy_conversion_and_stor.pdf
2026-05-27 19:00:55 - pipeline - INFO - PDF baixado agora, iniciando extração: Optimizing_cross-domain_transfer_for_universal_machine_learn.pdf
