2026-05-27 18:14:37 - scraper - INFO - Buscando página 1
2026-05-27 18:14:41 - scraper - INFO - Buscando página 2
2026-05-27 18:14:44 - scraper - INFO - Buscando página 3
2026-05-27 18:14:49 - scraper - INFO - Baixado: Erratum_Activation_of_surface_oxygen_sites_on_an_iridium-bas.pdf
2026-05-27 18:14:55 - scraper - INFO - Baixado: Covalency-reinforced_oxygen_evolution_reaction_catalyst.pdf
2026-05-27 18:15:00 - scraper - INFO - Baixado: Dynamic_oxygen_adsorption_on_single-atomic_Ruthenium_catalys.pdf
2026-05-27 18:18:52 - scraper - INFO - Buscando página 1
2026-05-27 18:18:56 - scraper - INFO - Buscando página 2
2026-05-27 18:18:59 - scraper - INFO - Buscando página 3
2026-05-27 18:19:06 - scraper - INFO - Baixado: Towards_atom-level_understanding_of_metal_oxide_catalysts_fo.pdf
2026-05-27 18:19:13 - scraper - INFO - Baixado: Machine_learning_assisted_Co3O4NiO_popsicle_sticks-infused_e.pdf
2026-05-27 18:19:21 - scraper - INFO - Baixado: Oxygen_evolution_reaction_on_IrO2110_is_governed_by_Walden-t.pdf
2026-05-27 18:19:32 - scraper - INFO - Baixado: Restructuring_highly_electron-deficient_metal-metal_oxides_f.pdf
2026-05-27 18:19:38 - scraper - INFO - Baixado: RuO2_electronic_structure_and_lattice_strain_dual_engineerin.pdf
2026-05-27 18:19:43 - scraper - INFO - Baixado: Activated_chemical_bonds_in_nanoporous_and_amorphous_iridium.pdf
2026-05-27 18:19:50 - scraper - INFO - Baixado: Synergy_of_dual-atom_catalysts_deviated_from_the_scaling_rel.pdf
2026-05-27 18:19:57 - scraper - INFO - Baixado: Developing_new_electrocatalysts_for_oxygen_evolution_reactio.pdf
2026-05-27 18:20:03 - scraper - INFO - Baixado: Time-resolved_spectroscopy_uncovers_deprotonation-induced_re.pdf
2026-05-27 18:20:11 - scraper - INFO - Baixado: Machine-learning-guided_tungsten_single_atoms_promote_oxyhyd.pdf
2026-05-27 18:20:27 - scraper - INFO - Baixado: First-principles_and_machine-learning_approaches_for_interpr.pdf
2026-05-27 18:28:47 - scraper - INFO - Buscando página 1
2026-05-27 18:28:51 - scraper - INFO - Buscando página 2
2026-05-27 18:28:53 - scraper - INFO - Buscando página 3
2026-05-27 18:28:55 - scraper - INFO - PDF já existe, pulando download: Towards_atom-level_understanding_of_metal_oxide_catalysts_fo.pdf
2026-05-27 18:28:57 - scraper - INFO - PDF já existe, pulando download: Machine_learning_assisted_Co3O4NiO_popsicle_sticks-infused_e.pdf
2026-05-27 18:28:59 - scraper - INFO - PDF já existe, pulando download: Oxygen_evolution_reaction_on_IrO2110_is_governed_by_Walden-t.pdf
2026-05-27 18:29:02 - scraper - INFO - PDF já existe, pulando download: Restructuring_highly_electron-deficient_metal-metal_oxides_f.pdf
2026-05-27 18:29:04 - scraper - INFO - PDF já existe, pulando download: RuO2_electronic_structure_and_lattice_strain_dual_engineerin.pdf
2026-05-27 18:29:07 - scraper - INFO - PDF já existe, pulando download: Activated_chemical_bonds_in_nanoporous_and_amorphous_iridium.pdf
2026-05-27 18:29:11 - scraper - INFO - PDF já existe, pulando download: Synergy_of_dual-atom_catalysts_deviated_from_the_scaling_rel.pdf
2026-05-27 18:29:15 - scraper - INFO - PDF já existe, pulando download: Developing_new_electrocatalysts_for_oxygen_evolution_reactio.pdf
2026-05-27 18:29:18 - scraper - INFO - PDF já existe, pulando download: Time-resolved_spectroscopy_uncovers_deprotonation-induced_re.pdf
2026-05-27 18:29:22 - scraper - INFO - PDF já existe, pulando download: Machine-learning-guided_tungsten_single_atoms_promote_oxyhyd.pdf
2026-05-27 18:29:30 - scraper - INFO - PDF já existe, pulando download: First-principles_and_machine-learning_approaches_for_interpr.pdf
2026-05-27 18:29:46 - scraper - INFO - Baixado: Transfer_learning_guided_discovery_of_efficient_perovskite_o.pdf
2026-05-27 18:29:54 - scraper - INFO - Baixado: Universal_scaling_relations_for_the_rational_design_of_molec.pdf
2026-05-27 18:30:02 - scraper - INFO - Baixado: Intrinsic_metal-support_interactions_break_the_activity-stab.pdf
2026-05-27 18:30:14 - scraper - INFO - Baixado: Machine_learning-assisted_dual-atom_sites_design_with_interp.pdf
2026-05-27 18:34:54 - scraper - INFO - Buscando página 1
2026-05-27 18:34:57 - scraper - INFO - Buscando página 2
2026-05-27 18:34:59 - scraper - INFO - Buscando página 3
2026-05-27 18:35:14 - scraper - INFO - Buscando página 1
2026-05-27 18:35:17 - scraper - INFO - Buscando página 2
2026-05-27 18:35:18 - scraper - INFO - Buscando página 3
2026-05-27 18:35:25 - scraper - INFO - Buscando página 1
2026-05-27 18:35:27 - scraper - INFO - Buscando página 2
2026-05-27 18:35:29 - scraper - INFO - Buscando página 3
2026-05-27 18:36:21 - scraper - INFO - Buscando página 1
2026-05-27 18:36:23 - scraper - INFO - Buscando página 2
2026-05-27 18:36:25 - scraper - INFO - Buscando página 3
2026-05-27 18:40:03 - scraper - INFO - Buscando página 1
2026-05-27 18:40:03 - scraper - INFO - Página 1: 0 artigos encontrados
2026-05-27 18:40:05 - scraper - INFO - Buscando página 2
2026-05-27 18:40:05 - scraper - INFO - Página 2: 0 artigos encontrados
2026-05-27 18:40:07 - scraper - INFO - Buscando página 3
2026-05-27 18:40:07 - scraper - INFO - Página 3: 0 artigos encontrados
2026-05-27 18:40:48 - scraper - INFO - Buscando página 1
2026-05-27 18:40:49 - scraper - INFO - Página 1: 0 artigos encontrados
2026-05-27 18:50:44 - scraper - INFO - Buscando página 1
2026-05-27 18:50:46 - scraper - INFO - Página 1: 50 artigos encontrados
2026-05-27 18:51:27 - scraper - INFO - Buscando página 1
2026-05-27 18:51:30 - scraper - INFO - Página 1: 50 artigos encontrados
2026-05-27 18:52:31 - scraper - INFO - Buscando página 1
2026-05-27 18:52:33 - scraper - INFO - Página 1: 50 artigos encontrados
2026-05-27 18:52:36 - scraper - INFO - Baixado: Towards_atom-level_understanding_of_metal_oxide_catalysts_fo.pdf
2026-05-27 18:52:41 - scraper - INFO - Baixado: Machine_learning_assisted_Co3O4NiO_popsicle_sticks-infused_e.pdf
2026-05-27 18:52:46 - scraper - INFO - Baixado: Oxygen_evolution_reaction_on_IrO2110_is_governed_by_Walden-t.pdf
2026-05-27 18:52:53 - scraper - INFO - Baixado: Restructuring_highly_electron-deficient_metal-metal_oxides_f.pdf
2026-05-27 18:52:59 - scraper - INFO - Baixado: RuO2electronic_structure_and_lattice_strain_dual_engineering.pdf
2026-05-27 18:53:04 - scraper - INFO - Baixado: Activated_chemical_bonds_in_nanoporous_and_amorphous_iridium.pdf
2026-05-27 18:53:09 - scraper - INFO - Baixado: Designing_active_oxides_for_a_durable_oxygen_evolution_react.pdf
2026-05-27 18:53:13 - scraper - INFO - Baixado: Synergy_of_dual-atom_catalysts_deviated_from_the_scaling_rel.pdf
2026-05-27 18:53:19 - scraper - INFO - Baixado: Developing_new_electrocatalysts_for_oxygen_evolution_reactio.pdf
2026-05-27 18:53:24 - scraper - INFO - Baixado: Time-resolved_spectroscopy_uncovers_deprotonation-induced_re.pdf
2026-05-27 18:53:29 - scraper - INFO - Baixado: Earth-abundant_electrocatalysts_for_acidic_oxygen_evolution.pdf
2026-05-27 18:53:34 - scraper - INFO - Baixado: Machine-learning-guided_tungsten_single_atoms_promote_oxyhyd.pdf
2026-05-27 18:53:39 - scraper - INFO - Baixado: Active_learning_guides_discovery_of_a_champion_four-metal_pe.pdf
2026-05-27 18:53:43 - scraper - INFO - Baixado: Developing_machine_learning_for_heterogeneous_catalysis_with.pdf
2026-05-27 18:53:48 - scraper - INFO - Baixado: Dynamics_in_electrochemical_organic_oxidation_reactions_from.pdf
2026-05-27 18:53:53 - scraper - INFO - Baixado: Stable_acidic_oxygen-evolving_catalyst_discovery_through_mix.pdf
2026-05-27 18:53:57 - scraper - INFO - Baixado: First-principles_and_machine-learning_approaches_for_interpr.pdf
2026-05-27 18:54:13 - scraper - INFO - Baixado: Transfer_learning_guided_discovery_of_efficient_perovskite_o.pdf
2026-05-27 18:54:19 - scraper - INFO - Baixado: Universal_scaling_relations_for_the_rational_design_of_molec.pdf
2026-05-27 18:54:25 - scraper - INFO - Baixado: Intrinsic_metal-support_interactions_break_the_activity-stab.pdf
2026-05-27 18:54:32 - scraper - INFO - Baixado: Covalency_competition_dominates_the_water_oxidation_structur.pdf
2026-05-27 18:54:36 - scraper - INFO - Baixado: Revisiting_the_universal_principle_for_the_rational_design_o.pdf
2026-05-27 18:56:12 - scraper - INFO - Buscando página 1
2026-05-27 18:56:13 - scraper - INFO - Página 1: 50 artigos encontrados
2026-05-27 18:56:13 - scraper - INFO - PDF já existe, pulando download: Towards_atom-level_understanding_of_metal_oxide_catalysts_fo.pdf
2026-05-27 18:56:13 - scraper - INFO - PDF já existe, pulando download: Machine_learning_assisted_Co3O4NiO_popsicle_sticks-infused_e.pdf
2026-05-27 18:56:13 - scraper - INFO - PDF já existe, pulando download: Oxygen_evolution_reaction_on_IrO2110_is_governed_by_Walden-t.pdf
2026-05-27 18:56:13 - scraper - INFO - PDF já existe, pulando download: Restructuring_highly_electron-deficient_metal-metal_oxides_f.pdf
2026-05-27 18:56:13 - scraper - INFO - PDF já existe, pulando download: RuO2electronic_structure_and_lattice_strain_dual_engineering.pdf
2026-05-27 18:56:13 - scraper - INFO - PDF já existe, pulando download: Activated_chemical_bonds_in_nanoporous_and_amorphous_iridium.pdf
2026-05-27 18:56:13 - scraper - INFO - PDF já existe, pulando download: Designing_active_oxides_for_a_durable_oxygen_evolution_react.pdf
2026-05-27 18:56:13 - scraper - INFO - PDF já existe, pulando download: Synergy_of_dual-atom_catalysts_deviated_from_the_scaling_rel.pdf
2026-05-27 18:56:13 - scraper - INFO - PDF já existe, pulando download: Developing_new_electrocatalysts_for_oxygen_evolution_reactio.pdf
2026-05-27 18:56:13 - scraper - INFO - PDF já existe, pulando download: Time-resolved_spectroscopy_uncovers_deprotonation-induced_re.pdf
2026-05-27 18:56:13 - scraper - INFO - PDF já existe, pulando download: Earth-abundant_electrocatalysts_for_acidic_oxygen_evolution.pdf
2026-05-27 18:56:13 - scraper - INFO - PDF já existe, pulando download: Machine-learning-guided_tungsten_single_atoms_promote_oxyhyd.pdf
2026-05-27 18:56:13 - scraper - INFO - PDF já existe, pulando download: Active_learning_guides_discovery_of_a_champion_four-metal_pe.pdf
2026-05-27 18:56:13 - scraper - INFO - PDF já existe, pulando download: Developing_machine_learning_for_heterogeneous_catalysis_with.pdf
2026-05-27 18:56:13 - scraper - INFO - PDF já existe, pulando download: Dynamics_in_electrochemical_organic_oxidation_reactions_from.pdf
2026-05-27 18:56:13 - scraper - INFO - PDF já existe, pulando download: Stable_acidic_oxygen-evolving_catalyst_discovery_through_mix.pdf
2026-05-27 18:56:13 - scraper - INFO - PDF já existe, pulando download: First-principles_and_machine-learning_approaches_for_interpr.pdf
2026-05-27 18:56:13 - scraper - INFO - PDF já existe, pulando download: Transfer_learning_guided_discovery_of_efficient_perovskite_o.pdf
2026-05-27 18:56:13 - scraper - INFO - PDF já existe, pulando download: Universal_scaling_relations_for_the_rational_design_of_molec.pdf
2026-05-27 18:56:13 - scraper - INFO - PDF já existe, pulando download: Intrinsic_metal-support_interactions_break_the_activity-stab.pdf
2026-05-27 18:56:13 - scraper - INFO - PDF já existe, pulando download: Covalency_competition_dominates_the_water_oxidation_structur.pdf
2026-05-27 18:56:13 - scraper - INFO - PDF já existe, pulando download: Revisiting_the_universal_principle_for_the_rational_design_o.pdf
2026-05-27 18:56:15 - scraper - INFO - Baixado: Lattice_OO_ligands_in_Fe-incorporated_hydroxides_enhance_wat.pdf
2026-05-27 18:57:11 - scraper - INFO - Buscando página 1
2026-05-27 18:57:12 - scraper - INFO - Página 1: 50 artigos encontrados
2026-05-27 18:57:12 - scraper - INFO - PDF já existe, pulando download: Towards_atom-level_understanding_of_metal_oxide_catalysts_fo.pdf
2026-05-27 18:57:12 - scraper - INFO - PDF já existe, pulando download: Machine_learning_assisted_Co3O4NiO_popsicle_sticks-infused_e.pdf
2026-05-27 18:57:12 - scraper - INFO - PDF já existe, pulando download: Oxygen_evolution_reaction_on_IrO2110_is_governed_by_Walden-t.pdf
2026-05-27 18:57:12 - scraper - INFO - PDF já existe, pulando download: Restructuring_highly_electron-deficient_metal-metal_oxides_f.pdf
2026-05-27 18:57:12 - scraper - INFO - PDF já existe, pulando download: RuO2electronic_structure_and_lattice_strain_dual_engineering.pdf
2026-05-27 18:57:12 - scraper - INFO - PDF já existe, pulando download: Activated_chemical_bonds_in_nanoporous_and_amorphous_iridium.pdf
2026-05-27 18:57:12 - scraper - INFO - PDF já existe, pulando download: Designing_active_oxides_for_a_durable_oxygen_evolution_react.pdf
2026-05-27 18:57:12 - scraper - INFO - PDF já existe, pulando download: Synergy_of_dual-atom_catalysts_deviated_from_the_scaling_rel.pdf
2026-05-27 18:57:12 - scraper - INFO - PDF já existe, pulando download: Developing_new_electrocatalysts_for_oxygen_evolution_reactio.pdf
2026-05-27 18:57:12 - scraper - INFO - PDF já existe, pulando download: Time-resolved_spectroscopy_uncovers_deprotonation-induced_re.pdf
2026-05-27 18:57:12 - scraper - INFO - PDF já existe, pulando download: Earth-abundant_electrocatalysts_for_acidic_oxygen_evolution.pdf
2026-05-27 18:57:12 - scraper - INFO - PDF já existe, pulando download: Machine-learning-guided_tungsten_single_atoms_promote_oxyhyd.pdf
2026-05-27 18:57:12 - scraper - INFO - PDF já existe, pulando download: Active_learning_guides_discovery_of_a_champion_four-metal_pe.pdf
2026-05-27 18:57:12 - scraper - INFO - PDF já existe, pulando download: Developing_machine_learning_for_heterogeneous_catalysis_with.pdf
2026-05-27 18:57:12 - scraper - INFO - PDF já existe, pulando download: Dynamics_in_electrochemical_organic_oxidation_reactions_from.pdf
2026-05-27 18:57:12 - scraper - INFO - PDF já existe, pulando download: Stable_acidic_oxygen-evolving_catalyst_discovery_through_mix.pdf
2026-05-27 18:57:12 - scraper - INFO - PDF já existe, pulando download: First-principles_and_machine-learning_approaches_for_interpr.pdf
2026-05-27 18:57:12 - scraper - INFO - PDF já existe, pulando download: Transfer_learning_guided_discovery_of_efficient_perovskite_o.pdf
2026-05-27 18:57:12 - scraper - INFO - PDF já existe, pulando download: Universal_scaling_relations_for_the_rational_design_of_molec.pdf
2026-05-27 18:57:12 - scraper - INFO - PDF já existe, pulando download: Intrinsic_metal-support_interactions_break_the_activity-stab.pdf
2026-05-27 18:57:12 - scraper - INFO - PDF já existe, pulando download: Covalency_competition_dominates_the_water_oxidation_structur.pdf
2026-05-27 18:57:12 - scraper - INFO - PDF já existe, pulando download: Revisiting_the_universal_principle_for_the_rational_design_o.pdf
2026-05-27 18:57:12 - scraper - INFO - PDF já existe, pulando download: Lattice_OO_ligands_in_Fe-incorporated_hydroxides_enhance_wat.pdf
2026-05-27 18:58:14 - scraper - INFO - Buscando página 1
2026-05-27 18:58:15 - scraper - INFO - Página 1: 50 artigos encontrados
2026-05-27 18:58:15 - scraper - INFO - PDF já existe, pulando download: Towards_atom-level_understanding_of_metal_oxide_catalysts_fo.pdf
2026-05-27 18:58:15 - scraper - INFO - PDF já existe, pulando download: Machine_learning_assisted_Co3O4NiO_popsicle_sticks-infused_e.pdf
2026-05-27 18:58:15 - scraper - INFO - PDF já existe, pulando download: Oxygen_evolution_reaction_on_IrO2110_is_governed_by_Walden-t.pdf
2026-05-27 18:58:15 - scraper - INFO - PDF já existe, pulando download: Restructuring_highly_electron-deficient_metal-metal_oxides_f.pdf
2026-05-27 18:58:15 - scraper - INFO - PDF já existe, pulando download: RuO2electronic_structure_and_lattice_strain_dual_engineering.pdf
2026-05-27 18:58:15 - scraper - INFO - PDF já existe, pulando download: Activated_chemical_bonds_in_nanoporous_and_amorphous_iridium.pdf
2026-05-27 18:58:15 - scraper - INFO - PDF já existe, pulando download: Designing_active_oxides_for_a_durable_oxygen_evolution_react.pdf
2026-05-27 18:58:15 - scraper - INFO - PDF já existe, pulando download: Synergy_of_dual-atom_catalysts_deviated_from_the_scaling_rel.pdf
2026-05-27 18:58:15 - scraper - INFO - PDF já existe, pulando download: Developing_new_electrocatalysts_for_oxygen_evolution_reactio.pdf
2026-05-27 18:58:15 - scraper - INFO - PDF já existe, pulando download: Time-resolved_spectroscopy_uncovers_deprotonation-induced_re.pdf
2026-05-27 18:58:15 - scraper - INFO - PDF já existe, pulando download: Earth-abundant_electrocatalysts_for_acidic_oxygen_evolution.pdf
2026-05-27 18:58:15 - scraper - INFO - PDF já existe, pulando download: Machine-learning-guided_tungsten_single_atoms_promote_oxyhyd.pdf
2026-05-27 18:58:15 - scraper - INFO - PDF já existe, pulando download: Active_learning_guides_discovery_of_a_champion_four-metal_pe.pdf
2026-05-27 18:58:15 - scraper - INFO - PDF já existe, pulando download: Developing_machine_learning_for_heterogeneous_catalysis_with.pdf
2026-05-27 18:58:15 - scraper - INFO - PDF já existe, pulando download: Dynamics_in_electrochemical_organic_oxidation_reactions_from.pdf
2026-05-27 18:58:15 - scraper - INFO - PDF já existe, pulando download: Stable_acidic_oxygen-evolving_catalyst_discovery_through_mix.pdf
2026-05-27 18:58:15 - scraper - INFO - PDF já existe, pulando download: First-principles_and_machine-learning_approaches_for_interpr.pdf
2026-05-27 18:58:15 - scraper - INFO - PDF já existe, pulando download: Transfer_learning_guided_discovery_of_efficient_perovskite_o.pdf
2026-05-27 18:58:15 - scraper - INFO - PDF já existe, pulando download: Universal_scaling_relations_for_the_rational_design_of_molec.pdf
2026-05-27 18:58:15 - scraper - INFO - PDF já existe, pulando download: Intrinsic_metal-support_interactions_break_the_activity-stab.pdf
2026-05-27 18:58:15 - scraper - INFO - PDF já existe, pulando download: Covalency_competition_dominates_the_water_oxidation_structur.pdf
2026-05-27 18:58:15 - scraper - INFO - PDF já existe, pulando download: Revisiting_the_universal_principle_for_the_rational_design_o.pdf
2026-05-27 18:58:15 - scraper - INFO - PDF já existe, pulando download: Lattice_OO_ligands_in_Fe-incorporated_hydroxides_enhance_wat.pdf
2026-05-27 18:59:03 - scraper - INFO - Buscando página 1
2026-05-27 18:59:04 - scraper - INFO - Página 1: 50 artigos encontrados
2026-05-27 18:59:04 - scraper - INFO - PDF já existe, pulando download: Towards_atom-level_understanding_of_metal_oxide_catalysts_fo.pdf
2026-05-27 18:59:04 - scraper - INFO - PDF já existe, pulando download: Machine_learning_assisted_Co3O4NiO_popsicle_sticks-infused_e.pdf
2026-05-27 18:59:04 - scraper - INFO - PDF já existe, pulando download: Oxygen_evolution_reaction_on_IrO2110_is_governed_by_Walden-t.pdf
2026-05-27 18:59:04 - scraper - INFO - PDF já existe, pulando download: Restructuring_highly_electron-deficient_metal-metal_oxides_f.pdf
2026-05-27 18:59:04 - scraper - INFO - PDF já existe, pulando download: RuO2electronic_structure_and_lattice_strain_dual_engineering.pdf
2026-05-27 18:59:04 - scraper - INFO - PDF já existe, pulando download: Activated_chemical_bonds_in_nanoporous_and_amorphous_iridium.pdf
2026-05-27 18:59:04 - scraper - INFO - PDF já existe, pulando download: Designing_active_oxides_for_a_durable_oxygen_evolution_react.pdf
2026-05-27 18:59:04 - scraper - INFO - PDF já existe, pulando download: Synergy_of_dual-atom_catalysts_deviated_from_the_scaling_rel.pdf
2026-05-27 18:59:04 - scraper - INFO - PDF já existe, pulando download: Developing_new_electrocatalysts_for_oxygen_evolution_reactio.pdf
2026-05-27 18:59:04 - scraper - INFO - PDF já existe, pulando download: Time-resolved_spectroscopy_uncovers_deprotonation-induced_re.pdf
2026-05-27 18:59:04 - scraper - INFO - PDF já existe, pulando download: Earth-abundant_electrocatalysts_for_acidic_oxygen_evolution.pdf
2026-05-27 18:59:04 - scraper - INFO - PDF já existe, pulando download: Machine-learning-guided_tungsten_single_atoms_promote_oxyhyd.pdf
2026-05-27 18:59:04 - scraper - INFO - PDF já existe, pulando download: Active_learning_guides_discovery_of_a_champion_four-metal_pe.pdf
2026-05-27 18:59:04 - scraper - INFO - PDF já existe, pulando download: Developing_machine_learning_for_heterogeneous_catalysis_with.pdf
2026-05-27 18:59:04 - scraper - INFO - PDF já existe, pulando download: Dynamics_in_electrochemical_organic_oxidation_reactions_from.pdf
2026-05-27 18:59:04 - scraper - INFO - PDF já existe, pulando download: Stable_acidic_oxygen-evolving_catalyst_discovery_through_mix.pdf
2026-05-27 18:59:04 - scraper - INFO - PDF já existe, pulando download: First-principles_and_machine-learning_approaches_for_interpr.pdf
2026-05-27 18:59:04 - scraper - INFO - PDF já existe, pulando download: Transfer_learning_guided_discovery_of_efficient_perovskite_o.pdf
2026-05-27 18:59:04 - scraper - INFO - PDF já existe, pulando download: Universal_scaling_relations_for_the_rational_design_of_molec.pdf
2026-05-27 18:59:04 - scraper - INFO - PDF já existe, pulando download: Intrinsic_metal-support_interactions_break_the_activity-stab.pdf
2026-05-27 18:59:04 - scraper - INFO - PDF já existe, pulando download: Covalency_competition_dominates_the_water_oxidation_structur.pdf
2026-05-27 18:59:04 - scraper - INFO - PDF já existe, pulando download: Revisiting_the_universal_principle_for_the_rational_design_o.pdf
2026-05-27 18:59:04 - scraper - INFO - PDF já existe, pulando download: Lattice_OO_ligands_in_Fe-incorporated_hydroxides_enhance_wat.pdf
2026-05-27 19:00:02 - scraper - INFO - Buscando página 1
2026-05-27 19:00:04 - scraper - INFO - Página 1: 50 artigos encontrados
2026-05-27 19:00:04 - scraper - INFO - PDF já existe, pulando download: Towards_atom-level_understanding_of_metal_oxide_catalysts_fo.pdf
2026-05-27 19:00:04 - scraper - INFO - PDF já existe, pulando download: Machine_learning_assisted_Co3O4NiO_popsicle_sticks-infused_e.pdf
2026-05-27 19:00:04 - scraper - INFO - PDF já existe, pulando download: Oxygen_evolution_reaction_on_IrO2110_is_governed_by_Walden-t.pdf
2026-05-27 19:00:04 - scraper - INFO - PDF já existe, pulando download: Restructuring_highly_electron-deficient_metal-metal_oxides_f.pdf
2026-05-27 19:00:04 - scraper - INFO - PDF já existe, pulando download: RuO2electronic_structure_and_lattice_strain_dual_engineering.pdf
2026-05-27 19:00:04 - scraper - INFO - PDF já existe, pulando download: Activated_chemical_bonds_in_nanoporous_and_amorphous_iridium.pdf
2026-05-27 19:00:04 - scraper - INFO - PDF já existe, pulando download: Designing_active_oxides_for_a_durable_oxygen_evolution_react.pdf
2026-05-27 19:00:04 - scraper - INFO - PDF já existe, pulando download: Synergy_of_dual-atom_catalysts_deviated_from_the_scaling_rel.pdf
2026-05-27 19:00:04 - scraper - INFO - PDF já existe, pulando download: Developing_new_electrocatalysts_for_oxygen_evolution_reactio.pdf
2026-05-27 19:00:04 - scraper - INFO - PDF já existe, pulando download: Time-resolved_spectroscopy_uncovers_deprotonation-induced_re.pdf
2026-05-27 19:00:04 - scraper - INFO - PDF já existe, pulando download: Earth-abundant_electrocatalysts_for_acidic_oxygen_evolution.pdf
2026-05-27 19:00:04 - scraper - INFO - PDF já existe, pulando download: Machine-learning-guided_tungsten_single_atoms_promote_oxyhyd.pdf
2026-05-27 19:00:04 - scraper - INFO - PDF já existe, pulando download: Active_learning_guides_discovery_of_a_champion_four-metal_pe.pdf
2026-05-27 19:00:04 - scraper - INFO - PDF já existe, pulando download: Developing_machine_learning_for_heterogeneous_catalysis_with.pdf
2026-05-27 19:00:04 - scraper - INFO - PDF já existe, pulando download: Dynamics_in_electrochemical_organic_oxidation_reactions_from.pdf
2026-05-27 19:00:04 - scraper - INFO - PDF já existe, pulando download: Stable_acidic_oxygen-evolving_catalyst_discovery_through_mix.pdf
2026-05-27 19:00:04 - scraper - INFO - PDF já existe, pulando download: First-principles_and_machine-learning_approaches_for_interpr.pdf
2026-05-27 19:00:04 - scraper - INFO - PDF já existe, pulando download: Transfer_learning_guided_discovery_of_efficient_perovskite_o.pdf
2026-05-27 19:00:04 - scraper - INFO - PDF já existe, pulando download: Universal_scaling_relations_for_the_rational_design_of_molec.pdf
2026-05-27 19:00:04 - scraper - INFO - PDF já existe, pulando download: Intrinsic_metal-support_interactions_break_the_activity-stab.pdf
2026-05-27 19:00:04 - scraper - INFO - PDF já existe, pulando download: Covalency_competition_dominates_the_water_oxidation_structur.pdf
2026-05-27 19:00:04 - scraper - INFO - PDF já existe, pulando download: Revisiting_the_universal_principle_for_the_rational_design_o.pdf
2026-05-27 19:00:04 - scraper - INFO - PDF já existe, pulando download: Lattice_OO_ligands_in_Fe-incorporated_hydroxides_enhance_wat.pdf
2026-05-27 19:00:07 - scraper - INFO - Baixado: Machine_learning-assisted_dual-atom_sites_design_with_interp.pdf
2026-05-27 19:00:12 - scraper - INFO - Baixado: Direct_seawater_electrolysis_for_hydrogen_production.pdf
2026-05-27 19:00:15 - scraper - INFO - Baixado: Acid-stable_manganese_oxides_for_proton_exchange_membrane_wa.pdf
2026-05-27 19:00:18 - scraper - INFO - Baixado: A_practical_inverse_design_approach_for_high-entropy_catalys.pdf
2026-05-27 19:00:24 - scraper - INFO - Baixado: Parameterization_and_quantification_of_two_key_operando_phys.pdf
2026-05-27 19:00:36 - scraper - INFO - Baixado: Machine_learning-guided_design_of_energy-related_catalysts_f.pdf
2026-05-27 19:00:43 - scraper - INFO - Baixado: Automated_synthesis_of_oxygen-producing_catalysts_from_Marti.pdf
2026-05-27 19:00:47 - scraper - INFO - Baixado: Topological_quantum_materials_for_energy_conversion_and_stor.pdf
2026-05-27 19:00:55 - scraper - INFO - Baixado: Optimizing_cross-domain_transfer_for_universal_machine_learn.pdf
